2023-12-09 03:53:46,320 ERROR l.Main [main] Error event 
2023-12-09 03:53:46,322 FATAL l.AnotherClass [main] Fatal event 
2023-12-09 03:53:46,322 INFO l.AnotherClass [main] Info event 
2023-12-09 04:05:56,830 ERROR l.Main [main] Error event 
2023-12-09 04:05:56,832 FATAL l.AnotherClass [main] Fatal event 
2023-12-09 04:05:56,832 INFO l.AnotherClass [main] Info event 
2023-12-09 04:06:33,944 ERROR l.Main [main] Error event 
2023-12-09 04:06:33,946 FATAL l.AnotherClass [main] Fatal event 
2023-12-09 04:06:33,946 INFO l.AnotherClass [main] Info event 
2023-12-09 04:10:47,720 ERROR l.Main [main] Error event 
2023-12-09 04:10:47,721 FATAL l.AnotherClass [main] Fatal event 
2023-12-09 04:10:47,721 INFO l.AnotherClass [main] Info event 
2023-12-09 04:11:48,750 ERROR l.Main [main] Error event 
2023-12-09 04:11:48,751 INFO l.Main [main] Info event 
2023-12-09 04:11:48,751 FATAL l.AnotherClass [main] Fatal event 
2023-12-09 04:11:48,751 INFO l.AnotherClass [main] Info event 
2023-12-09 04:12:08,147 ERROR l.Main [main] Error event 
2023-12-09 04:12:08,148 INFO l.Main [main] Info event 
2023-12-09 04:12:08,149 FATAL l.AnotherClass [main] Fatal event 
2023-12-09 04:12:08,149 INFO l.AnotherClass [main] Info event 
2023-12-09 04:13:48,510 FATAL l.AnotherClass [main] Fatal event 
2023-12-09 04:13:48,510 INFO l.AnotherClass [main] Info event 
2024-01-20 14:56:58,302 INFO e.s.l.MainConf [main] Starting MainConf using Java 17.0.9 with PID 28720 (H:\IDEA_PROJECTS\Learning\target\classes started by serga in H:\IDEA_PROJECTS\Learning) 
2024-01-20 14:56:58,304 INFO e.s.l.MainConf [main] No active profile set, falling back to 1 default profile: "default" 
2024-01-20 14:56:58,409 INFO e.s.l.MainConf [main] Started MainConf in 0.294 seconds (process running for 0.732) 
2024-01-20 14:57:08,329 INFO e.s.l.MainConf [main] Starting MainConf using Java 17.0.9 with PID 26188 (H:\IDEA_PROJECTS\Learning\target\classes started by serga in H:\IDEA_PROJECTS\Learning) 
2024-01-20 14:57:08,335 INFO e.s.l.MainConf [main] No active profile set, falling back to 1 default profile: "default" 
2024-01-20 14:57:08,437 INFO e.s.l.MainConf [main] Started MainConf in 0.277 seconds (process running for 0.645) 
2024-01-20 14:58:00,362 INFO e.s.l.MainConf [main] Starting MainConf using Java 17.0.9 with PID 37676 (H:\IDEA_PROJECTS\Learning\target\classes started by serga in H:\IDEA_PROJECTS\Learning) 
2024-01-20 14:58:00,363 INFO e.s.l.MainConf [main] No active profile set, falling back to 1 default profile: "default" 
2024-01-20 14:58:00,459 INFO e.s.l.MainConf [main] Started MainConf in 0.274 seconds (process running for 0.627) 
2024-01-20 14:58:41,130 INFO e.s.l.MainConf [main] Starting MainConf using Java 17.0.9 with PID 8392 (H:\IDEA_PROJECTS\Learning\target\classes started by serga in H:\IDEA_PROJECTS\Learning) 
2024-01-20 14:58:41,135 INFO e.s.l.MainConf [main] No active profile set, falling back to 1 default profile: "default" 
2024-01-20 14:58:41,243 INFO e.s.l.MainConf [main] Started MainConf in 0.283 seconds (process running for 0.645) 
2024-01-20 14:59:41,014 INFO e.s.l.MainConf [main] Starting MainConf using Java 17.0.9 with PID 29328 (H:\IDEA_PROJECTS\Learning\target\classes started by serga in H:\IDEA_PROJECTS\Learning) 
2024-01-20 14:59:41,016 INFO e.s.l.MainConf [main] No active profile set, falling back to 1 default profile: "default" 
2024-01-20 14:59:41,140 INFO e.s.l.MainConf [main] Started MainConf in 0.304 seconds (process running for 0.666) 
2024-01-20 15:00:53,001 INFO e.s.l.MainConf [main] Starting MainConf using Java 17.0.9 with PID 38852 (H:\IDEA_PROJECTS\Learning\target\classes started by serga in H:\IDEA_PROJECTS\Learning) 
2024-01-20 15:00:53,002 INFO e.s.l.MainConf [main] No active profile set, falling back to 1 default profile: "default" 
2024-01-20 15:00:53,139 INFO e.s.l.MainConf [main] Started MainConf in 0.31 seconds (process running for 0.667) 
2024-01-20 15:01:15,124 INFO e.s.l.MainConf [main] Starting MainConf using Java 17.0.9 with PID 2104 (H:\IDEA_PROJECTS\Learning\target\classes started by serga in H:\IDEA_PROJECTS\Learning) 
2024-01-20 15:01:15,131 INFO e.s.l.MainConf [main] No active profile set, falling back to 1 default profile: "default" 
2024-01-20 15:01:15,259 INFO e.s.l.MainConf [main] Started MainConf in 0.303 seconds (process running for 0.644) 
2024-01-20 17:09:09,162 INFO e.s.n.Main [main] Starting Main using Java 17.0.9 with PID 8272 (H:\IDEA_PROJECTS\Learning\target\classes started by serga in H:\IDEA_PROJECTS\Learning) 
2024-01-20 17:09:09,164 INFO e.s.n.Main [main] No active profile set, falling back to 1 default profile: "default" 
2024-01-20 17:09:09,240 INFO e.s.n.Main [main] Started Main in 0.284 seconds (process running for 0.636) 
